<?xml version="1.0" encoding="UTF-8"?>
<!-- Generated by org.testng.reporters.JUnitReportReporter -->
<testsuite skipped="0" hostname="MavericSystems" name="com.ParabankTest.one.aParaBankTest" tests="1" failures="0" timestamp="2020-07-14T23:26:50 IST" time="65.833" errors="0">
  <testcase name="Testing" time="65.833" classname="com.ParabankTest.one.aParaBankTest"/>
  <system-out/>
</testsuite> <!-- com.ParabankTest.one.aParaBankTest -->
